*****************************************************************
      SolidWorks Corporation - IGES Processor Status Report
*****************************************************************
=================================================================
General Information
=================================================================
Sending System Product I.D.  : Stego v8
Receiving System Product I.D.: 
File Name                    : Stego v8
Sending System               : unknown
Preprocessor Version         : unknown
File Creation Date           : 20180318.220012
Model Creation Date          : 20180318.105819
Units                        : MM
Model Space Scale            : 1
Author                       : maelstroswim
Organization                 : unknown


=================================================================
Entity Processing Information
=================================================================
ERROR:   DE#  6053, TYPE   128: Unable to create a bspline surface.
ERROR:   DE#  6055, TYPE   128: Unable to create a bspline surface.


=================================================================
Precision analysis of IGES file:
=================================================================
  Most prevalent number of significant digits:              14
  Highest number of significant digits:                     14
  Average number of significant digits:                12.0527
  Maximum distance to origin:                          73.9715
  Minimum distance to origin:                        0.0879996
  Effective number of significant digits:               13.999


=================================================================
Entity Summary
=================================================================
-----------------------------------------------------------------
Type Name                                         Count Converted
---- ----                                         ----- ---------
126  Rational B-spline curve                       1508      1508
128  Rational B-spline surface                      584       582
186  Manifold Solid B-rep Object                     13        13
314  Color definition                                 1         1
406  Property                                        13        13
502  Vertex list                                     13        13
504  Edge entity                                     13        13
508  Loop entity                                    649       649
510  Face entity                                    584       584
514  Shell entity                                    13        13
_________________________________________________________________


=================================================================
Result Summary
=================================================================
SolidWorks Feature Type                Count
-----------------------                -----
Solid feature(s)                       13
Surface feature(s)                     0
Curve/Sketch feature(s)                0
--------------------------------------------
Start time: Sunday, March 18, 2018 22:03:30
Finish time: Sunday, March 18, 2018 22:03:53
Processing time: 0 days, 00 hours, 00 mins, 23 secs
